210412-21:40:04 [INFO] -- 
210412-21:40:04 [INFO] -- 
210412-21:40:04 [INFO] -- ============================================================
210412-21:40:04 [INFO] -- ATMSSStarter: Application Starting...
210412-21:40:06 [INFO] -- KeypadHandler: starting...
210412-21:40:06 [INFO] -- timer: starting...
210412-21:40:06 [INFO] -- BAMSThreadHandler: starting...
210412-21:40:06 [INFO] -- BuzzerHandler: starting...
210412-21:40:06 [INFO] -- ATMSS: starting...
210412-21:40:06 [INFO] -- CardReaderHandler: starting...
210412-21:40:06 [INFO] -- CardReaderHandler: reset
210412-21:40:06 [INFO] -- CardReaderHandler: card inserted
210412-21:40:06 [INFO] -- CardReaderHandler: card ejected
210412-21:40:06 [INFO] -- CardReaderHandler: card removed
210412-21:40:06 [INFO] -- CardReaderHandler: card inserted
210412-21:40:06 [INFO] -- CardReaderHandler: card retained
210412-21:40:06 [INFO] -- AdvicePrinterHandler: starting...
210412-21:40:06 [INFO] -- AdvicePrinterHandler: reset
210412-21:40:06 [INFO] -- AdvicePrinterHandler: advice printed
210412-21:40:06 [INFO] -- TouchDisplayHandler: starting...
210412-21:40:06 [INFO] -- TouchDisplayHandler: reset
210412-21:40:06 [INFO] -- BAMSThreadHandler: bams timer reset
210412-21:40:06 [INFO] -- DispenserSlotHandler: starting...
210412-21:40:06 [INFO] -- DispenserSlotHandler: reset
210412-21:40:06 [INFO] -- DispenserSlotHandler: Opening Dispenser Slot
210412-21:40:06 [INFO] -- DepositSlotHandler: starting...
210412-21:40:06 [INFO] -- DepositSlotHandler: reset
210412-21:40:06 [INFO] -- DispenserSlotHandler: cash dispensed
210412-21:40:06 [INFO] -- ATMSS: bams timer reset
210412-21:40:06 [INFO] -- KeypadHandler: reset
210412-21:40:06 [INFO] -- DispenserSlotHandler: denoms inventory: $100: 10000, $500: 10000, $1000: 10000
210412-21:40:06 [INFO] -- ATMSS CardReaderHandler reset: healthy
210412-21:40:06 [INFO] -- DispenserSlotHandler: Closing Dispenser Slot
210412-21:40:06 [INFO] -- DepositSlotHandlerOpening Deposit Slot
210412-21:40:06 [INFO] -- ATMSS: bams timer reset
210412-21:40:06 [INFO] -- DepositSlotHandlerClosing Deposit Slot
210412-21:40:06 [INFO] -- BuzzerHandler: reset
210412-21:40:06 [INFO] -- BuzzerHandler: alert -- 
210412-21:40:06 [INFO] -- ATMSS AdvicePrinterHandler reset: healthy
210412-21:40:06 [INFO] -- ATMSS: bams timer reset
210412-21:40:06 [INFO] -- ATMSS TouchDisplayHandler reset: healthy
210412-21:40:06 [INFO] -- TouchDisplayHandler: update display -- Welcome_10000 10000 10000/
210412-21:40:06 [INFO] -- ATMSS: bams timer reset
210412-21:40:06 [INFO] -- ATMSS DispenserSlotHandler reset: healthy
210412-21:40:06 [INFO] -- ATMSS: bams timer reset
210412-21:40:06 [INFO] -- ATMSS DepositSlotHandler reset: healthy
210412-21:40:06 [INFO] -- ATMSS: bams timer reset
210412-21:40:06 [INFO] -- ATMSS BuzzerHandler reset: healthy
210412-21:40:06 [INFO] -- DepositSlotHandlerClosing Deposit Slot
210412-21:40:06 [INFO] -- TouchDisplayHandler: update display -- Welcome_10000 10000 10000/
210412-21:40:06 [INFO] -- TouchDisplayHandler: update display -- Welcome_10000 10000 10000/
210412-21:40:06 [INFO] -- TouchDisplayHandler: update display -- Welcome_10000 10000 10000/
210412-21:40:06 [INFO] -- TouchDisplayHandler: update display -- Welcome_10000 10000 10000/
210412-21:40:06 [INFO] -- TouchDisplayHandler: update display -- Welcome_10000 10000 10000/
210412-21:40:06 [INFO] -- TouchDisplayHandler: loading fxml: TouchDisplayEmulator.fxml
210412-21:40:07 [INFO] -- TouchDisplayHandler: loading fxml: TouchDisplayEmulator.fxml
210412-21:40:07 [INFO] -- TouchDisplayHandler: loading fxml: TouchDisplayEmulator.fxml
210412-21:40:07 [INFO] -- TouchDisplayHandler: loading fxml: TouchDisplayEmulator.fxml
210412-21:40:07 [INFO] -- TouchDisplayHandler: loading fxml: TouchDisplayEmulator.fxml
210412-21:40:07 [INFO] -- TouchDisplayHandler: loading fxml: TouchDisplayEmulator.fxml
210412-21:40:07 [INFO] -- TouchDisplayHandler: loading fxml: TouchDisplayEmulator.fxml
210412-21:40:11 [INFO] -- CardReaderHandler: card inserted
210412-21:40:11 [INFO] -- ATMSS: bams timer reset
210412-21:40:11 [INFO] -- CardInserted: 4107-7014
210412-21:40:11 [INFO] -- KeypadHandler: alert user-- 
210412-21:40:11 [INFO] -- TouchDisplayHandler: update display -- PIN Required
210412-21:40:11 [INFO] -- TouchDisplayHandler: loading fxml: TouchDisplayEmulator.fxml
210412-21:40:13 [INFO] -- ATMSS: bams timer reset
210412-21:40:13 [INFO] -- KeyPressed: 4
210412-21:40:13 [INFO] -- ATMSS: 4 is pressed
210412-21:40:13 [INFO] -- KeypadHandler: alert user-- 
210412-21:40:13 [INFO] -- TouchDisplayHandler: update display -- enterPIN
210412-21:40:13 [INFO] -- TouchDisplayHandler: loading fxml: TouchDisplayEmulator.fxml
210412-21:40:14 [INFO] -- ATMSS: bams timer reset
210412-21:40:14 [INFO] -- KeyPressed: 5
210412-21:40:14 [INFO] -- ATMSS: 5 is pressed
210412-21:40:14 [INFO] -- KeypadHandler: alert user-- 
210412-21:40:14 [INFO] -- TouchDisplayHandler: update display -- enterPIN
210412-21:40:14 [INFO] -- TouchDisplayHandler: loading fxml: TouchDisplayEmulator.fxml
210412-21:40:14 [INFO] -- ATMSS: bams timer reset
210412-21:40:14 [INFO] -- KeyPressed: 6
210412-21:40:14 [INFO] -- ATMSS: 6 is pressed
210412-21:40:14 [INFO] -- KeypadHandler: alert user-- 
210412-21:40:14 [INFO] -- TouchDisplayHandler: update display -- enterPIN
210412-21:40:14 [INFO] -- TouchDisplayHandler: loading fxml: TouchDisplayEmulator.fxml
210412-21:40:15 [INFO] -- ATMSS: bams timer reset
210412-21:40:15 [INFO] -- KeyPressed: 1
210412-21:40:15 [INFO] -- ATMSS: 1 is pressed
210412-21:40:15 [INFO] -- KeypadHandler: alert user-- 
210412-21:40:15 [INFO] -- TouchDisplayHandler: update display -- enterPIN
210412-21:40:15 [INFO] -- TouchDisplayHandler: loading fxml: TouchDisplayEmulator.fxml
210412-21:40:15 [INFO] -- ATMSS: bams timer reset
210412-21:40:15 [INFO] -- KeyPressed: 2
210412-21:40:15 [INFO] -- ATMSS: 2 is pressed
210412-21:40:15 [INFO] -- KeypadHandler: alert user-- 
210412-21:40:15 [INFO] -- TouchDisplayHandler: update display -- enterPIN
210412-21:40:15 [INFO] -- TouchDisplayHandler: loading fxml: TouchDisplayEmulator.fxml
210412-21:40:15 [INFO] -- ATMSS: bams timer reset
210412-21:40:15 [INFO] -- KeyPressed: 3
210412-21:40:15 [INFO] -- ATMSS: 3 is pressed
210412-21:40:15 [INFO] -- TouchDisplayHandler: update display -- enterPIN
210412-21:40:15 [INFO] -- KeypadHandler: alert user-- 
210412-21:40:15 [INFO] -- TouchDisplayHandler: loading fxml: TouchDisplayEmulator.fxml
210412-21:40:16 [INFO] -- ATMSS: bams timer reset
210412-21:40:16 [INFO] -- KeyPressed: 7
210412-21:40:16 [INFO] -- ATMSS: 7 is pressed
210412-21:40:16 [INFO] -- KeypadHandler: alert user-- 
210412-21:40:16 [INFO] -- TouchDisplayHandler: update display -- enterPIN
210412-21:40:16 [INFO] -- TouchDisplayHandler: loading fxml: TouchDisplayEmulator.fxml
210412-21:40:16 [INFO] -- ATMSS: bams timer reset
210412-21:40:16 [INFO] -- KeyPressed: 8
210412-21:40:16 [INFO] -- ATMSS: 8 is pressed
210412-21:40:16 [INFO] -- TouchDisplayHandler: update display -- enterPIN
210412-21:40:16 [INFO] -- KeypadHandler: alert user-- 
210412-21:40:16 [INFO] -- TouchDisplayHandler: loading fxml: TouchDisplayEmulator.fxml
210412-21:40:16 [INFO] -- ATMSS: bams timer reset
210412-21:40:16 [INFO] -- KeyPressed: 9
210412-21:40:16 [INFO] -- ATMSS: 9 is pressed
210412-21:40:16 [INFO] -- TouchDisplayHandler: update display -- enterPIN
210412-21:40:16 [INFO] -- KeypadHandler: alert user-- 
210412-21:40:16 [INFO] -- TouchDisplayHandler: loading fxml: TouchDisplayEmulator.fxml
210412-21:40:17 [INFO] -- ATMSS: bams timer reset
210412-21:40:17 [INFO] -- KeyPressed: Enter
210412-21:40:17 [INFO] -- ATMSS: Enter is pressed
210412-21:40:17 [INFO] -- ATMSS : verifying cardnum and pin
210412-21:40:17 [INFO] -- pin: 456123789
210412-21:40:17 [INFO] -- KeypadHandler: alert user-- 
210412-21:40:17 [INFO] -- BAMSThreadHandler: bams timer reset
210412-21:40:19 [INFO] -- BAMSThreadHandler : successful login!
210412-21:40:19 [INFO] -- ATMSS: bams timer reset
210412-21:40:19 [INFO] -- TouchDisplayHandler: changing login status
210412-21:40:19 [INFO] -- ATMSS: bams timer reset
210412-21:40:19 [INFO] -- BAMSThreadHandler: bams timer reset
210412-21:40:19 [INFO] -- ATMSS: bams timer reset
210412-21:40:19 [INFO] -- TouchDisplayHandler: select account
210412-21:40:19 [INFO] -- TouchDisplayHandler: loading fxml: TouchDisplayMainMenu.fxml
210412-21:40:20 [INFO] -- TouchDisplayHandler: update display -- MainMenu
210412-21:40:20 [INFO] -- TouchDisplayHandler: loading fxml: TouchDisplayMainMenu.fxml
210412-21:40:20 [INFO] -- ATMSS: bams timer reset
210412-21:40:21 [INFO] -- ATMSS: bams timer reset
210412-21:40:21 [INFO] -- MouseCLicked: Change Operating Account
210412-21:40:21 [INFO] -- BAMSThreadHandler: bams timer reset
210412-21:40:21 [INFO] -- ATMSS: bams timer reset
210412-21:40:21 [INFO] -- TouchDisplayHandler: Error Message Received: This card has only one account

Cannot do Change Operating Account
210412-21:40:21 [INFO] -- TouchDisplayHandler: loading fxml: TouchDisplayEmulator.fxml
210412-21:40:25 [INFO] -- ATMSS: bams timer reset
210412-21:40:25 [INFO] -- TouchDisplayHandler: update display -- MainMenu
210412-21:40:25 [INFO] -- TouchDisplayHandler: loading fxml: TouchDisplayMainMenu.fxml
210412-21:40:28 [INFO] -- ATMSS: bams timer reset
210412-21:40:28 [INFO] -- MouseCLicked: Account Balance Enquiry
210412-21:40:28 [INFO] -- BAMSThreadHandler: bams timer reset
210412-21:40:28 [INFO] -- ATMSS: bams timer reset
210412-21:40:28 [INFO] -- TouchDisplayHandler: account enquiry
210412-21:40:28 [INFO] -- TouchDisplayHandler: loading fxml: TouchDisplayMainMenu.fxml
210412-21:40:29 [INFO] -- ATMSS: bams timer reset
210412-21:40:29 [INFO] -- MouseCLicked: Continue Transaction
210412-21:40:29 [INFO] -- TouchDisplayHandler: update display -- MainMenu
210412-21:40:29 [INFO] -- TouchDisplayHandler: loading fxml: TouchDisplayMainMenu.fxml
210412-21:40:31 [INFO] -- ATMSS: bams timer reset
210412-21:40:31 [INFO] -- MouseCLicked: Account Balance Enquiry
210412-21:40:31 [INFO] -- BAMSThreadHandler: bams timer reset
210412-21:40:31 [INFO] -- ATMSS: bams timer reset
210412-21:40:31 [INFO] -- TouchDisplayHandler: account enquiry
210412-21:40:31 [INFO] -- TouchDisplayHandler: loading fxml: TouchDisplayMainMenu.fxml
210412-21:40:33 [INFO] -- ATMSS: bams timer reset
210412-21:40:33 [INFO] -- MouseCLicked: Continue Transaction
210412-21:40:33 [INFO] -- TouchDisplayHandler: update display -- MainMenu
210412-21:40:33 [INFO] -- TouchDisplayHandler: loading fxml: TouchDisplayMainMenu.fxml
210412-21:40:38 [INFO] -- ATMSS: bams timer reset
210412-21:40:38 [INFO] -- MouseCLicked: Money Transfer
210412-21:40:38 [INFO] -- BAMSThreadHandler: bams timer reset
210412-21:40:39 [INFO] -- ATMSS: bams timer reset
210412-21:40:39 [INFO] -- TouchDisplayHandler: Error Message Received: This card has only one account

Cannot do Money Transfer
210412-21:40:39 [INFO] -- TouchDisplayHandler: loading fxml: TouchDisplayEmulator.fxml
210412-21:40:43 [INFO] -- ATMSS: bams timer reset
210412-21:40:43 [INFO] -- TouchDisplayHandler: update display -- MainMenu
210412-21:40:43 [INFO] -- TouchDisplayHandler: loading fxml: TouchDisplayMainMenu.fxml
210412-21:40:44 [INFO] -- ATMSS: bams timer reset
210412-21:40:44 [INFO] -- MouseCLicked: Account Balance Enquiry
210412-21:40:44 [INFO] -- BAMSThreadHandler: bams timer reset
210412-21:40:45 [INFO] -- ATMSS: bams timer reset
210412-21:40:45 [INFO] -- TouchDisplayHandler: account enquiry
210412-21:40:45 [INFO] -- TouchDisplayHandler: loading fxml: TouchDisplayMainMenu.fxml
210412-21:40:46 [INFO] -- ATMSS: bams timer reset
210412-21:40:46 [INFO] -- MouseCLicked: End Transaction
210412-21:40:46 [INFO] -- CardReaderHandler: card ejected
210412-21:40:46 [INFO] -- TouchDisplayHandler: update display -- Welcome_10000 10000 10000/
210412-21:40:46 [INFO] -- TouchDisplayHandler: loading fxml: TouchDisplayEmulator.fxml
210412-21:40:48 [INFO] -- CardReaderHandler: card removed
210412-21:40:50 [INFO] -- 
210412-21:40:50 [INFO] -- 
210412-21:40:50 [INFO] -- ============================================================
210412-21:40:50 [INFO] -- ATMSSStarter: Application Stopping...
210412-21:40:50 [INFO] -- BAMSThreadHandler: bams timer reset
210412-21:40:50 [INFO] -- BAMSThreadHandler: terminating...
210412-21:40:50 [INFO] -- ATMSS: bams timer reset
210412-21:40:50 [INFO] -- ATMSS: terminating...
210412-21:40:50 [INFO] -- DepositSlotHandler: terminating...
210412-21:40:50 [INFO] -- DispenserSlotHandler: terminating...
210412-21:40:50 [INFO] -- AdvicePrinterHandler: terminating...
210412-21:40:50 [INFO] -- BuzzerHandler: terminating...
210412-21:40:50 [INFO] -- timer: received terminate!
210412-21:40:50 [INFO] -- timer: terminating...
210412-21:40:50 [INFO] -- CardReaderHandler: terminating...
210412-21:40:50 [INFO] -- KeypadHandler: terminating...
210412-21:40:50 [INFO] -- TouchDisplayHandler: terminating...
